This is pdfTeX, Version 3.14159265-2.6-1.40.20 (MiKTeX 2.9.7200 64-bit) (preloaded format=pdflatex 2019.10.15)  15 OCT 2019 19:40
entering extended mode
**f:/GIT/CIAA/15-mse_24sed_tp_final/presentacion/template.tex
(f:/GIT/CIAA/15-mse_24sed_tp_final/presentacion/template.tex
LaTeX2e <2019-10-01>
("C:\Users\Lavigna Gonzalo\AppData\Roaming\MiKTeX\2.9\tex/latex/beamer\beamer.cls"
Document Class: beamer 2019/09/29 v3.57 A class for typesetting presentations
("C:\Users\Lavigna Gonzalo\AppData\Roaming\MiKTeX\2.9\tex/latex/beamer\beamerbasemodes.sty" ("C:\Users\Lavigna Gonzalo\AppData\Roaming\MiKTeX\2.9\tex/latex/etoolbox\etoolbox.sty"
Package: etoolbox 2019/09/21 v2.5h e-TeX tools for LaTeX (JAW)
\etb@tempcnta=\count80
)
\beamer@tempbox=\box27
\beamer@tempcount=\count81
\c@beamerpauses=\count82
 ("C:\Users\Lavigna Gonzalo\AppData\Roaming\MiKTeX\2.9\tex/latex/beamer\beamerbasedecode.sty"
\beamer@slideinframe=\count83
\beamer@minimum=\count84
\beamer@decode@box=\box28
)
\beamer@commentbox=\box29
\beamer@modecount=\count85
) ("C:\Program Files\MiKTeX 2.9\tex/generic/oberdiek\ifpdf.sty"
Package: ifpdf 2018/09/07 v3.3 Provides the ifpdf switch
)
\headdp=\dimen102
\footheight=\dimen103
\sidebarheight=\dimen104
\beamer@tempdim=\dimen105
\beamer@finalheight=\dimen106
\beamer@animht=\dimen107
\beamer@animdp=\dimen108
\beamer@animwd=\dimen109
\beamer@leftmargin=\dimen110
\beamer@rightmargin=\dimen111
\beamer@leftsidebar=\dimen112
\beamer@rightsidebar=\dimen113
\beamer@boxsize=\dimen114
\beamer@vboxoffset=\dimen115
\beamer@descdefault=\dimen116
\beamer@descriptionwidth=\dimen117
\beamer@lastskip=\skip41
\beamer@areabox=\box30
\beamer@animcurrent=\box31
\beamer@animshowbox=\box32
\beamer@sectionbox=\box33
\beamer@logobox=\box34
\beamer@linebox=\box35
\beamer@sectioncount=\count86
\beamer@subsubsectionmax=\count87
\beamer@subsectionmax=\count88
\beamer@sectionmax=\count89
\beamer@totalheads=\count90
\beamer@headcounter=\count91
\beamer@partstartpage=\count92
\beamer@sectionstartpage=\count93
\beamer@subsectionstartpage=\count94
\beamer@animationtempa=\count95
\beamer@animationtempb=\count96
\beamer@xpos=\count97
\beamer@ypos=\count98
\beamer@ypos@offset=\count99
\beamer@showpartnumber=\count100
\beamer@currentsubsection=\count101
\beamer@coveringdepth=\count102
\beamer@sectionadjust=\count103
\beamer@tocsectionnumber=\count104
 ("C:\Users\Lavigna Gonzalo\AppData\Roaming\MiKTeX\2.9\tex/latex/beamer\beamerbaseoptions.sty" ("C:\Program Files\MiKTeX 2.9\tex/latex/graphics\keyval.sty"
Package: keyval 2014/10/28 v1.15 key=value parser (DPC)
\KV@toks@=\toks14
))
\beamer@paperwidth=\skip42
\beamer@paperheight=\skip43
 ("C:\Program Files\MiKTeX 2.9\tex/latex/geometry\geometry.sty"
Package: geometry 2018/04/16 v5.8 Page Geometry
 ("C:\Program Files\MiKTeX 2.9\tex/generic/oberdiek\ifvtex.sty"
Package: ifvtex 2016/05/16 v1.6 Detect VTeX and its facilities (HO)
Package ifvtex Info: VTeX not detected.
) ("C:\Program Files\MiKTeX 2.9\tex/generic/ifxetex\ifxetex.sty"
Package: ifxetex 2010/09/12 v0.6 Provides ifxetex conditional
)
\Gm@cnth=\count105
\Gm@cntv=\count106
\c@Gm@tempcnt=\count107
\Gm@bindingoffset=\dimen118
\Gm@wd@mp=\dimen119
\Gm@odd@mp=\dimen120
\Gm@even@mp=\dimen121
\Gm@layoutwidth=\dimen122
\Gm@layoutheight=\dimen123
\Gm@layouthoffset=\dimen124
\Gm@layoutvoffset=\dimen125
\Gm@dimlist=\toks15
 ("C:\Program Files\MiKTeX 2.9\tex/latex/geometry\geometry.cfg")) ("C:\Program Files\MiKTeX 2.9\tex/latex/base\size11.clo"
File: size11.clo 2019/08/27 v1.4j Standard LaTeX file (size option)
) ("C:\Users\Lavigna Gonzalo\AppData\Roaming\MiKTeX\2.9\tex/latex/pgf/basiclayer\pgfcore.sty" ("C:\Program Files\MiKTeX 2.9\tex/latex/graphics\graphicx.sty"
Package: graphicx 2017/06/01 v1.1a Enhanced LaTeX Graphics (DPC,SPQR)
 ("C:\Program Files\MiKTeX 2.9\tex/latex/graphics\graphics.sty"
Package: graphics 2019/07/20 v1.3b Standard LaTeX Graphics (DPC,SPQR)
 ("C:\Program Files\MiKTeX 2.9\tex/latex/graphics\trig.sty"
Package: trig 2016/01/03 v1.10 sin cos tan (DPC)
) ("C:\Program Files\MiKTeX 2.9\tex/latex/graphics-cfg\graphics.cfg"
File: graphics.cfg 2016/06/04 v1.11 sample graphics configuration
)
Package graphics Info: Driver file: pdftex.def on input line 105.
 ("C:\Program Files\MiKTeX 2.9\tex/latex/graphics-def\pdftex.def"
File: pdftex.def 2018/01/08 v1.0l Graphics/color driver for pdftex
))
\Gin@req@height=\dimen126
\Gin@req@width=\dimen127
) ("C:\Users\Lavigna Gonzalo\AppData\Roaming\MiKTeX\2.9\tex/latex/pgf/systemlayer\pgfsys.sty" ("C:\Users\Lavigna Gonzalo\AppData\Roaming\MiKTeX\2.9\tex/latex/pgf/utilities\pgfrcs.sty" ("C:\Users\Lavigna Gonzalo\AppData\Roaming\MiKTeX\2.9\tex/generic/pgf/utilities\pgfutil-common.tex"
\pgfutil@everybye=\toks16
\pgfutil@tempdima=\dimen128
\pgfutil@tempdimb=\dimen129
 ("C:\Users\Lavigna Gonzalo\AppData\Roaming\MiKTeX\2.9\tex/generic/pgf/utilities\pgfutil-common-lists.tex")) ("C:\Users\Lavigna Gonzalo\AppData\Roaming\MiKTeX\2.9\tex/generic/pgf/utilities\pgfutil-latex.def"
\pgfutil@abb=\box36
 ("C:\Users\Lavigna Gonzalo\AppData\Roaming\MiKTeX\2.9\tex/latex/ms\everyshi.sty"
Package: everyshi 2001/05/15 v3.00 EveryShipout Package (MS)
)) ("C:\Users\Lavigna Gonzalo\AppData\Roaming\MiKTeX\2.9\tex/generic/pgf/utilities\pgfrcs.code.tex" ("C:\Users\Lavigna Gonzalo\AppData\Roaming\MiKTeX\2.9\tex/generic/pgf\pgf.revision.tex")
Package: pgfrcs 2019/08/03 v3.1.4b (3.1.4b)
)) ("C:\Users\Lavigna Gonzalo\AppData\Roaming\MiKTeX\2.9\tex/generic/pgf/systemlayer\pgfsys.code.tex"
Package: pgfsys 2019/08/03 v3.1.4b (3.1.4b)
 ("C:\Users\Lavigna Gonzalo\AppData\Roaming\MiKTeX\2.9\tex/generic/pgf/utilities\pgfkeys.code.tex"
\pgfkeys@pathtoks=\toks17
\pgfkeys@temptoks=\toks18
 ("C:\Users\Lavigna Gonzalo\AppData\Roaming\MiKTeX\2.9\tex/generic/pgf/utilities\pgfkeysfiltered.code.tex"
\pgfkeys@tmptoks=\toks19
))
\pgf@x=\dimen130
\pgf@y=\dimen131
\pgf@xa=\dimen132
\pgf@ya=\dimen133
\pgf@xb=\dimen134
\pgf@yb=\dimen135
\pgf@xc=\dimen136
\pgf@yc=\dimen137
\pgf@xd=\dimen138
\pgf@yd=\dimen139
\w@pgf@writea=\write3
\r@pgf@reada=\read1
\c@pgf@counta=\count108
\c@pgf@countb=\count109
\c@pgf@countc=\count110
\c@pgf@countd=\count111
\t@pgf@toka=\toks20
\t@pgf@tokb=\toks21
\t@pgf@tokc=\toks22
\pgf@sys@id@count=\count112
 ("C:\Users\Lavigna Gonzalo\AppData\Roaming\MiKTeX\2.9\tex/generic/pgf/systemlayer\pgf.cfg"
File: pgf.cfg 2019/08/03 v3.1.4b (3.1.4b)
)
Driver file for pgf: pgfsys-pdftex.def
 ("C:\Users\Lavigna Gonzalo\AppData\Roaming\MiKTeX\2.9\tex/generic/pgf/systemlayer\pgfsys-pdftex.def"
File: pgfsys-pdftex.def 2019/08/03 v3.1.4b (3.1.4b)
 ("C:\Users\Lavigna Gonzalo\AppData\Roaming\MiKTeX\2.9\tex/generic/pgf/systemlayer\pgfsys-common-pdf.def"
File: pgfsys-common-pdf.def 2019/08/03 v3.1.4b (3.1.4b)
))) ("C:\Users\Lavigna Gonzalo\AppData\Roaming\MiKTeX\2.9\tex/generic/pgf/systemlayer\pgfsyssoftpath.code.tex"
File: pgfsyssoftpath.code.tex 2019/08/03 v3.1.4b (3.1.4b)
\pgfsyssoftpath@smallbuffer@items=\count113
\pgfsyssoftpath@bigbuffer@items=\count114
) ("C:\Users\Lavigna Gonzalo\AppData\Roaming\MiKTeX\2.9\tex/generic/pgf/systemlayer\pgfsysprotocol.code.tex"
File: pgfsysprotocol.code.tex 2019/08/03 v3.1.4b (3.1.4b)
)) ("C:\Users\Lavigna Gonzalo\AppData\Roaming\MiKTeX\2.9\tex/latex/xcolor\xcolor.sty"
Package: xcolor 2016/05/11 v2.12 LaTeX color extensions (UK)
 ("C:\Program Files\MiKTeX 2.9\tex/latex/graphics-cfg\color.cfg"
File: color.cfg 2016/01/02 v1.6 sample color configuration
)
Package xcolor Info: Driver file: pdftex.def on input line 225.
Package xcolor Info: Model `cmy' substituted by `cmy0' on input line 1348.
Package xcolor Info: Model `hsb' substituted by `rgb' on input line 1352.
Package xcolor Info: Model `RGB' extended on input line 1364.
Package xcolor Info: Model `HTML' substituted by `rgb' on input line 1366.
Package xcolor Info: Model `Hsb' substituted by `hsb' on input line 1367.
Package xcolor Info: Model `tHsb' substituted by `hsb' on input line 1368.
Package xcolor Info: Model `HSB' substituted by `hsb' on input line 1369.
Package xcolor Info: Model `Gray' substituted by `gray' on input line 1370.
Package xcolor Info: Model `wave' substituted by `hsb' on input line 1371.
) ("C:\Users\Lavigna Gonzalo\AppData\Roaming\MiKTeX\2.9\tex/generic/pgf/basiclayer\pgfcore.code.tex"
Package: pgfcore 2019/08/03 v3.1.4b (3.1.4b)
 ("C:\Users\Lavigna Gonzalo\AppData\Roaming\MiKTeX\2.9\tex/generic/pgf/math\pgfmath.code.tex" ("C:\Users\Lavigna Gonzalo\AppData\Roaming\MiKTeX\2.9\tex/generic/pgf/math\pgfmathcalc.code.tex" ("C:\Users\Lavigna Gonzalo\AppData\Roaming\MiKTeX\2.9\tex/generic/pgf/math\pgfmathutil.code.tex") ("C:\Users\Lavigna Gonzalo\AppData\Roaming\MiKTeX\2.9\tex/generic/pgf/math\pgfmathparser.code.tex"
\pgfmath@dimen=\dimen140
\pgfmath@count=\count115
\pgfmath@box=\box37
\pgfmath@toks=\toks23
\pgfmath@stack@operand=\toks24
\pgfmath@stack@operation=\toks25
) ("C:\Users\Lavigna Gonzalo\AppData\Roaming\MiKTeX\2.9\tex/generic/pgf/math\pgfmathfunctions.code.tex" ("C:\Users\Lavigna Gonzalo\AppData\Roaming\MiKTeX\2.9\tex/generic/pgf/math\pgfmathfunctions.basic.code.tex") ("C:\Users\Lavigna Gonzalo\AppData\Roaming\MiKTeX\2.9\tex/generic/pgf/math\pgfmathfunctions.trigonometric.code.tex") ("C:\Users\Lavigna Gonzalo\AppData\Roaming\MiKTeX\2.9\tex/generic/pgf/math\pgfmathfunctions.random.code.tex") ("C:\Users\Lavigna Gonzalo\AppData\Roaming\MiKTeX\2.9\tex/generic/pgf/math\pgfmathfunctions.comparison.code.tex") ("C:\Users\Lavigna Gonzalo\AppData\Roaming\MiKTeX\2.9\tex/generic/pgf/math\pgfmathfunctions.base.code.tex") ("C:\Users\Lavigna Gonzalo\AppData\Roaming\MiKTeX\2.9\tex/generic/pgf/math\pgfmathfunctions.round.code.tex") ("C:\Users\Lavigna Gonzalo\AppData\Roaming\MiKTeX\2.9\tex/generic/pgf/math\pgfmathfunctions.misc.code.tex") ("C:\Users\Lavigna Gonzalo\AppData\Roaming\MiKTeX\2.9\tex/generic/pgf/math\pgfmathfunctions.integerarithmetics.code.tex"))) ("C:\Users\Lavigna Gonzalo\AppData\Roaming\MiKTeX\2.9\tex/generic/pgf/math\pgfmathfloat.code.tex"
\c@pgfmathroundto@lastzeros=\count116
)) ("C:\Users\Lavigna Gonzalo\AppData\Roaming\MiKTeX\2.9\tex/generic/pgf/math\pgfint.code.tex") ("C:\Users\Lavigna Gonzalo\AppData\Roaming\MiKTeX\2.9\tex/generic/pgf/basiclayer\pgfcorepoints.code.tex"
File: pgfcorepoints.code.tex 2019/08/03 v3.1.4b (3.1.4b)
\pgf@picminx=\dimen141
\pgf@picmaxx=\dimen142
\pgf@picminy=\dimen143
\pgf@picmaxy=\dimen144
\pgf@pathminx=\dimen145
\pgf@pathmaxx=\dimen146
\pgf@pathminy=\dimen147
\pgf@pathmaxy=\dimen148
\pgf@xx=\dimen149
\pgf@xy=\dimen150
\pgf@yx=\dimen151
\pgf@yy=\dimen152
\pgf@zx=\dimen153
\pgf@zy=\dimen154
) ("C:\Users\Lavigna Gonzalo\AppData\Roaming\MiKTeX\2.9\tex/generic/pgf/basiclayer\pgfcorepathconstruct.code.tex"
File: pgfcorepathconstruct.code.tex 2019/08/03 v3.1.4b (3.1.4b)
\pgf@path@lastx=\dimen155
\pgf@path@lasty=\dimen156
) ("C:\Users\Lavigna Gonzalo\AppData\Roaming\MiKTeX\2.9\tex/generic/pgf/basiclayer\pgfcorepathusage.code.tex"
File: pgfcorepathusage.code.tex 2019/08/03 v3.1.4b (3.1.4b)
\pgf@shorten@end@additional=\dimen157
\pgf@shorten@start@additional=\dimen158
) ("C:\Users\Lavigna Gonzalo\AppData\Roaming\MiKTeX\2.9\tex/generic/pgf/basiclayer\pgfcorescopes.code.tex"
File: pgfcorescopes.code.tex 2019/08/03 v3.1.4b (3.1.4b)
\pgfpic=\box38
\pgf@hbox=\box39
\pgf@layerbox@main=\box40
\pgf@picture@serial@count=\count117
) ("C:\Users\Lavigna Gonzalo\AppData\Roaming\MiKTeX\2.9\tex/generic/pgf/basiclayer\pgfcoregraphicstate.code.tex"
File: pgfcoregraphicstate.code.tex 2019/08/03 v3.1.4b (3.1.4b)
\pgflinewidth=\dimen159
) ("C:\Users\Lavigna Gonzalo\AppData\Roaming\MiKTeX\2.9\tex/generic/pgf/basiclayer\pgfcoretransformations.code.tex"
File: pgfcoretransformations.code.tex 2019/08/03 v3.1.4b (3.1.4b)
\pgf@pt@x=\dimen160
\pgf@pt@y=\dimen161
\pgf@pt@temp=\dimen162
) ("C:\Users\Lavigna Gonzalo\AppData\Roaming\MiKTeX\2.9\tex/generic/pgf/basiclayer\pgfcorequick.code.tex"
File: pgfcorequick.code.tex 2019/08/03 v3.1.4b (3.1.4b)
) ("C:\Users\Lavigna Gonzalo\AppData\Roaming\MiKTeX\2.9\tex/generic/pgf/basiclayer\pgfcoreobjects.code.tex"
File: pgfcoreobjects.code.tex 2019/08/03 v3.1.4b (3.1.4b)
) ("C:\Users\Lavigna Gonzalo\AppData\Roaming\MiKTeX\2.9\tex/generic/pgf/basiclayer\pgfcorepathprocessing.code.tex"
File: pgfcorepathprocessing.code.tex 2019/08/03 v3.1.4b (3.1.4b)
) ("C:\Users\Lavigna Gonzalo\AppData\Roaming\MiKTeX\2.9\tex/generic/pgf/basiclayer\pgfcorearrows.code.tex"
File: pgfcorearrows.code.tex 2019/08/03 v3.1.4b (3.1.4b)
\pgfarrowsep=\dimen163
) ("C:\Users\Lavigna Gonzalo\AppData\Roaming\MiKTeX\2.9\tex/generic/pgf/basiclayer\pgfcoreshade.code.tex"
File: pgfcoreshade.code.tex 2019/08/03 v3.1.4b (3.1.4b)
\pgf@max=\dimen164
\pgf@sys@shading@range@num=\count118
\pgf@shadingcount=\count119
) ("C:\Users\Lavigna Gonzalo\AppData\Roaming\MiKTeX\2.9\tex/generic/pgf/basiclayer\pgfcoreimage.code.tex"
File: pgfcoreimage.code.tex 2019/08/03 v3.1.4b (3.1.4b)
 ("C:\Users\Lavigna Gonzalo\AppData\Roaming\MiKTeX\2.9\tex/generic/pgf/basiclayer\pgfcoreexternal.code.tex"
File: pgfcoreexternal.code.tex 2019/08/03 v3.1.4b (3.1.4b)
\pgfexternal@startupbox=\box41
)) ("C:\Users\Lavigna Gonzalo\AppData\Roaming\MiKTeX\2.9\tex/generic/pgf/basiclayer\pgfcorelayers.code.tex"
File: pgfcorelayers.code.tex 2019/08/03 v3.1.4b (3.1.4b)
) ("C:\Users\Lavigna Gonzalo\AppData\Roaming\MiKTeX\2.9\tex/generic/pgf/basiclayer\pgfcoretransparency.code.tex"
File: pgfcoretransparency.code.tex 2019/08/03 v3.1.4b (3.1.4b)
) ("C:\Users\Lavigna Gonzalo\AppData\Roaming\MiKTeX\2.9\tex/generic/pgf/basiclayer\pgfcorepatterns.code.tex"
File: pgfcorepatterns.code.tex 2019/08/03 v3.1.4b (3.1.4b)
) ("C:\Users\Lavigna Gonzalo\AppData\Roaming\MiKTeX\2.9\tex/generic/pgf/basiclayer\pgfcorerdf.code.tex"
File: pgfcorerdf.code.tex 2019/08/03 v3.1.4b (3.1.4b)
))) ("C:\Users\Lavigna Gonzalo\AppData\Roaming\MiKTeX\2.9\tex/latex/pgf/utilities\xxcolor.sty"
Package: xxcolor 2003/10/24 ver 0.1
\XC@nummixins=\count120
\XC@countmixins=\count121
) ("C:\Program Files\MiKTeX 2.9\tex/generic/oberdiek\atbegshi.sty"
Package: atbegshi 2016/06/09 v1.18 At begin shipout hook (HO)
 ("C:\Program Files\MiKTeX 2.9\tex/generic/oberdiek\infwarerr.sty"
Package: infwarerr 2016/05/16 v1.4 Providing info/warning/error messages (HO)
) ("C:\Program Files\MiKTeX 2.9\tex/generic/oberdiek\ltxcmds.sty"
Package: ltxcmds 2016/05/16 v1.23 LaTeX kernel commands for general use (HO)
)) ("C:\Program Files\MiKTeX 2.9\tex/latex/hyperref\hyperref.sty"
Package: hyperref 2019/09/28 v7.00a Hypertext links for LaTeX
 ("C:\Program Files\MiKTeX 2.9\tex/generic/oberdiek\hobsub-hyperref.sty"
Package: hobsub-hyperref 2016/05/16 v1.14 Bundle oberdiek, subset hyperref (HO)
 ("C:\Program Files\MiKTeX 2.9\tex/generic/oberdiek\hobsub-generic.sty"
Package: hobsub-generic 2016/05/16 v1.14 Bundle oberdiek, subset generic (HO)
Package: hobsub 2016/05/16 v1.14 Construct package bundles (HO)
Package hobsub Info: Skipping package `infwarerr' (already loaded).
Package hobsub Info: Skipping package `ltxcmds' (already loaded).
Package: ifluatex 2016/05/16 v1.4 Provides the ifluatex switch (HO)
Package ifluatex Info: LuaTeX not detected.
Package hobsub Info: Skipping package `ifvtex' (already loaded).
Package: intcalc 2016/05/16 v1.2 Expandable calculations with integers (HO)
Package hobsub Info: Skipping package `ifpdf' (already loaded).
Package: etexcmds 2016/05/16 v1.6 Avoid name clashes with e-TeX commands (HO)
Package: kvsetkeys 2016/05/16 v1.17 Key value parser (HO)
Package: kvdefinekeys 2016/05/16 v1.4 Define keys (HO)
Package: pdftexcmds 2019/07/25 v0.30 Utility functions of pdfTeX for LuaTeX (HO)
Package pdftexcmds Info: LuaTeX not detected.
Package pdftexcmds Info: \pdf@primitive is available.
Package pdftexcmds Info: \pdf@ifprimitive is available.
Package pdftexcmds Info: \pdfdraftmode found.
Package: pdfescape 2016/05/16 v1.14 Implements pdfTeX's escape features (HO)
Package: bigintcalc 2016/05/16 v1.4 Expandable calculations on big integers (HO)
Package: bitset 2016/05/16 v1.2 Handle bit-vector datatype (HO)
Package: uniquecounter 2016/05/16 v1.3 Provide unlimited unique counter (HO)
)
Package hobsub Info: Skipping package `hobsub' (already loaded).
Package: letltxmacro 2016/05/16 v1.5 Let assignment for LaTeX macros (HO)
Package: hopatch 2016/05/16 v1.3 Wrapper for package hooks (HO)
Package: xcolor-patch 2016/05/16 xcolor patch
Package: atveryend 2016/05/16 v1.9 Hooks at the very end of document (HO)
Package hobsub Info: Skipping package `atbegshi' (already loaded).
Package: refcount 2016/05/16 v3.5 Data extraction from label references (HO)
Package: hycolor 2016/05/16 v1.8 Color options for hyperref/bookmark (HO)
) ("C:\Program Files\MiKTeX 2.9\tex/latex/oberdiek\auxhook.sty"
Package: auxhook 2016/05/16 v1.4 Hooks for auxiliary files (HO)
) ("C:\Program Files\MiKTeX 2.9\tex/latex/oberdiek\kvoptions.sty"
Package: kvoptions 2016/05/16 v3.12 Key value format for package options (HO)
)
\@linkdim=\dimen165
\Hy@linkcounter=\count122
\Hy@pagecounter=\count123
 ("C:\Program Files\MiKTeX 2.9\tex/latex/hyperref\pd1enc.def"
File: pd1enc.def 2019/09/28 v7.00a Hyperref: PDFDocEncoding definition (HO)
Now handling font encoding PD1 ...
... no UTF-8 mapping file for font encoding PD1
)
\Hy@SavedSpaceFactor=\count124
 ("C:\Program Files\MiKTeX 2.9\tex/latex/00miktex\hyperref.cfg"
File: hyperref.cfg 2002/06/06 v1.2 hyperref configuration of TeXLive
)
Package hyperref Info: Option `bookmarks' set `true' on input line 4414.
Package hyperref Info: Option `bookmarksopen' set `true' on input line 4414.
Package hyperref Info: Option `implicit' set `false' on input line 4414.
Package hyperref Info: Hyper figures OFF on input line 4540.
Package hyperref Info: Link nesting OFF on input line 4545.
Package hyperref Info: Hyper index ON on input line 4548.
Package hyperref Info: Plain pages OFF on input line 4555.
Package hyperref Info: Backreferencing OFF on input line 4560.
Package hyperref Info: Implicit mode OFF; no redefinition of LaTeX internals.
Package hyperref Info: Bookmarks ON on input line 4793.
\c@Hy@tempcnt=\count125
 ("C:\Users\Lavigna Gonzalo\AppData\Roaming\MiKTeX\2.9\tex/latex/url\url.sty"
\Urlmuskip=\muskip10
Package: url 2013/09/16  ver 3.4  Verb mode for urls, etc.
)
LaTeX Info: Redefining \url on input line 5152.
\XeTeXLinkMargin=\dimen166
\Fld@menulength=\count126
\Field@Width=\dimen167
\Fld@charsize=\dimen168
Package hyperref Info: Hyper figures OFF on input line 6423.
Package hyperref Info: Link nesting OFF on input line 6428.
Package hyperref Info: Hyper index ON on input line 6431.
Package hyperref Info: backreferencing OFF on input line 6438.
Package hyperref Info: Link coloring OFF on input line 6443.
Package hyperref Info: Link coloring with OCG OFF on input line 6448.
Package hyperref Info: PDF/A mode OFF on input line 6453.
LaTeX Info: Redefining \ref on input line 6493.
LaTeX Info: Redefining \pageref on input line 6497.
\Hy@abspage=\count127


Package hyperref Message: Stopped early.

)
Package hyperref Info: Driver (autodetected): hpdftex.
 ("C:\Program Files\MiKTeX 2.9\tex/latex/hyperref\hpdftex.def"
File: hpdftex.def 2019/09/28 v7.00a Hyperref driver for pdfTeX
\Fld@listcount=\count128
\c@bookmark@seq@number=\count129
 ("C:\Program Files\MiKTeX 2.9\tex/latex/oberdiek\rerunfilecheck.sty"
Package: rerunfilecheck 2016/05/16 v1.8 Rerun checks for auxiliary files (HO)
Package uniquecounter Info: New unique counter `rerunfilecheck' on input line 282.
)) ("C:\Users\Lavigna Gonzalo\AppData\Roaming\MiKTeX\2.9\tex/latex/beamer\beamerbaserequires.sty" ("C:\Users\Lavigna Gonzalo\AppData\Roaming\MiKTeX\2.9\tex/latex/beamer\beamerbasecompatibility.sty") ("C:\Users\Lavigna Gonzalo\AppData\Roaming\MiKTeX\2.9\tex/latex/beamer\beamerbasefont.sty" ("C:\Program Files\MiKTeX 2.9\tex/latex/amsfonts\amssymb.sty"
Package: amssymb 2013/01/14 v3.01 AMS font symbols
 ("C:\Program Files\MiKTeX 2.9\tex/latex/amsfonts\amsfonts.sty"
Package: amsfonts 2013/01/14 v3.01 Basic AMSFonts support
\@emptytoks=\toks26
\symAMSa=\mathgroup4
\symAMSb=\mathgroup5
LaTeX Font Info:    Redeclaring math symbol \hbar on input line 98.
LaTeX Font Info:    Overwriting math alphabet `\mathfrak' in version `bold'
(Font)                  U/euf/m/n --> U/euf/b/n on input line 106.
)) ("C:\Users\Lavigna Gonzalo\AppData\Roaming\MiKTeX\2.9\tex/latex/sansmathaccent\sansmathaccent.sty"
Package: sansmathaccent 2013/03/28
 ("C:\Users\Lavigna Gonzalo\AppData\Roaming\MiKTeX\2.9\tex/latex/filehook\filehook.sty"
Package: filehook 2019/10/03 v0.6 Hooks for input files
))) ("C:\Users\Lavigna Gonzalo\AppData\Roaming\MiKTeX\2.9\tex/latex/beamer\beamerbasetranslator.sty" ("C:\Users\Lavigna Gonzalo\AppData\Roaming\MiKTeX\2.9\tex/latex/translator\translator.sty"
Package: translator 2019-05-31 v1.12a Easy translation of strings in LaTeX
)) ("C:\Users\Lavigna Gonzalo\AppData\Roaming\MiKTeX\2.9\tex/latex/beamer\beamerbasemisc.sty") ("C:\Users\Lavigna Gonzalo\AppData\Roaming\MiKTeX\2.9\tex/latex/beamer\beamerbasetwoscreens.sty") ("C:\Users\Lavigna Gonzalo\AppData\Roaming\MiKTeX\2.9\tex/latex/beamer\beamerbaseoverlay.sty"
\beamer@argscount=\count130
\beamer@lastskipcover=\skip44
\beamer@trivlistdepth=\count131
) ("C:\Users\Lavigna Gonzalo\AppData\Roaming\MiKTeX\2.9\tex/latex/beamer\beamerbasetitle.sty") ("C:\Users\Lavigna Gonzalo\AppData\Roaming\MiKTeX\2.9\tex/latex/beamer\beamerbasesection.sty"
\c@lecture=\count132
\c@part=\count133
\c@section=\count134
\c@subsection=\count135
\c@subsubsection=\count136
) ("C:\Users\Lavigna Gonzalo\AppData\Roaming\MiKTeX\2.9\tex/latex/beamer\beamerbaseframe.sty"
\beamer@framebox=\box42
\beamer@frametitlebox=\box43
\beamer@zoombox=\box44
\beamer@zoomcount=\count137
\beamer@zoomframecount=\count138
\beamer@frametextheight=\dimen169
\c@subsectionslide=\count139
\beamer@frametopskip=\skip45
\beamer@framebottomskip=\skip46
\beamer@frametopskipautobreak=\skip47
\beamer@framebottomskipautobreak=\skip48
\beamer@envbody=\toks27
\framewidth=\dimen170
\c@framenumber=\count140
) ("C:\Users\Lavigna Gonzalo\AppData\Roaming\MiKTeX\2.9\tex/latex/beamer\beamerbaseverbatim.sty"
\beamer@verbatimfileout=\write4
) ("C:\Users\Lavigna Gonzalo\AppData\Roaming\MiKTeX\2.9\tex/latex/beamer\beamerbaseframesize.sty"
\beamer@splitbox=\box45
\beamer@autobreakcount=\count141
\beamer@autobreaklastheight=\dimen171
\beamer@frametitletoks=\toks28
\beamer@framesubtitletoks=\toks29
) ("C:\Users\Lavigna Gonzalo\AppData\Roaming\MiKTeX\2.9\tex/latex/beamer\beamerbaseframecomponents.sty"
\beamer@footins=\box46
) ("C:\Users\Lavigna Gonzalo\AppData\Roaming\MiKTeX\2.9\tex/latex/beamer\beamerbasecolor.sty") ("C:\Users\Lavigna Gonzalo\AppData\Roaming\MiKTeX\2.9\tex/latex/beamer\beamerbasenotes.sty"
\beamer@frameboxcopy=\box47
) ("C:\Users\Lavigna Gonzalo\AppData\Roaming\MiKTeX\2.9\tex/latex/beamer\beamerbasetoc.sty") ("C:\Users\Lavigna Gonzalo\AppData\Roaming\MiKTeX\2.9\tex/latex/beamer\beamerbasetemplates.sty"
\beamer@sbttoks=\toks30
 ("C:\Users\Lavigna Gonzalo\AppData\Roaming\MiKTeX\2.9\tex/latex/beamer\beamerbaseauxtemplates.sty" ("C:\Users\Lavigna Gonzalo\AppData\Roaming\MiKTeX\2.9\tex/latex/beamer\beamerbaseboxes.sty"
\bmb@box=\box48
\bmb@colorbox=\box49
\bmb@boxshadow=\box50
\bmb@boxshadowball=\box51
\bmb@boxshadowballlarge=\box52
\bmb@temp=\dimen172
\bmb@dima=\dimen173
\bmb@dimb=\dimen174
\bmb@prevheight=\dimen175
)
\beamer@blockheadheight=\dimen176
)) ("C:\Users\Lavigna Gonzalo\AppData\Roaming\MiKTeX\2.9\tex/latex/beamer\beamerbaselocalstructure.sty" ("C:\Program Files\MiKTeX 2.9\tex/latex/tools\enumerate.sty"
Package: enumerate 2015/07/23 v3.00 enumerate extensions (DPC)
\@enLab=\toks31
)
\c@figure=\count142
\c@table=\count143
\abovecaptionskip=\skip49
\belowcaptionskip=\skip50
) ("C:\Users\Lavigna Gonzalo\AppData\Roaming\MiKTeX\2.9\tex/latex/beamer\beamerbasenavigation.sty"
\beamer@section@min@dim=\dimen177
) ("C:\Users\Lavigna Gonzalo\AppData\Roaming\MiKTeX\2.9\tex/latex/beamer\beamerbasetheorems.sty" ("C:\Program Files\MiKTeX 2.9\tex/latex/amsmath\amsmath.sty"
Package: amsmath 2019/04/01 v2.17c AMS math features
\@mathmargin=\skip51

For additional information on amsmath, use the `?' option.
("C:\Program Files\MiKTeX 2.9\tex/latex/amsmath\amstext.sty"
Package: amstext 2000/06/29 v2.01 AMS text
 ("C:\Program Files\MiKTeX 2.9\tex/latex/amsmath\amsgen.sty"
File: amsgen.sty 1999/11/30 v2.0 generic functions
\@emptytoks=\toks32
\ex@=\dimen178
)) ("C:\Program Files\MiKTeX 2.9\tex/latex/amsmath\amsbsy.sty"
Package: amsbsy 1999/11/29 v1.2d Bold Symbols
\pmbraise@=\dimen179
) ("C:\Program Files\MiKTeX 2.9\tex/latex/amsmath\amsopn.sty"
Package: amsopn 2016/03/08 v2.02 operator names
)
\inf@bad=\count144
LaTeX Info: Redefining \frac on input line 227.
\uproot@=\count145
\leftroot@=\count146
LaTeX Info: Redefining \overline on input line 389.
\classnum@=\count147
\DOTSCASE@=\count148
LaTeX Info: Redefining \ldots on input line 486.
LaTeX Info: Redefining \dots on input line 489.
LaTeX Info: Redefining \cdots on input line 610.
\Mathstrutbox@=\box53
\strutbox@=\box54
\big@size=\dimen180
LaTeX Font Info:    Redeclaring font encoding OML on input line 733.
LaTeX Font Info:    Redeclaring font encoding OMS on input line 734.
\macc@depth=\count149
\c@MaxMatrixCols=\count150
\dotsspace@=\muskip11
\c@parentequation=\count151
\dspbrk@lvl=\count152
\tag@help=\toks33
\row@=\count153
\column@=\count154
\maxfields@=\count155
\andhelp@=\toks34
\eqnshift@=\dimen181
\alignsep@=\dimen182
\tagshift@=\dimen183
\tagwidth@=\dimen184
\totwidth@=\dimen185
\lineht@=\dimen186
\@envbody=\toks35
\multlinegap=\skip52
\multlinetaggap=\skip53
\mathdisplay@stack=\toks36
LaTeX Info: Redefining \[ on input line 2855.
LaTeX Info: Redefining \] on input line 2856.
) ("C:\Program Files\MiKTeX 2.9\tex/latex/amscls\amsthm.sty"
Package: amsthm 2017/10/31 v2.20.4
\thm@style=\toks37
\thm@bodyfont=\toks38
\thm@headfont=\toks39
\thm@notefont=\toks40
\thm@headpunct=\toks41
\thm@preskip=\skip54
\thm@postskip=\skip55
\thm@headsep=\skip56
\dth@everypar=\toks42
)
\c@theorem=\count156
) ("C:\Users\Lavigna Gonzalo\AppData\Roaming\MiKTeX\2.9\tex/latex/beamer\beamerbasethemes.sty")) ("C:\Users\Lavigna Gonzalo\AppData\Roaming\MiKTeX\2.9\tex/latex/beamer\beamerthemedefault.sty" ("C:\Users\Lavigna Gonzalo\AppData\Roaming\MiKTeX\2.9\tex/latex/beamer\beamerfontthemedefault.sty") ("C:\Users\Lavigna Gonzalo\AppData\Roaming\MiKTeX\2.9\tex/latex/beamer\beamercolorthemedefault.sty") ("C:\Users\Lavigna Gonzalo\AppData\Roaming\MiKTeX\2.9\tex/latex/beamer\beamerinnerthemedefault.sty"
\beamer@dima=\dimen187
\beamer@dimb=\dimen188
) ("C:\Users\Lavigna Gonzalo\AppData\Roaming\MiKTeX\2.9\tex/latex/beamer\beamerouterthemedefault.sty"))) (f:/GIT\CIAA\15-mse_24sed_tp_final\presentacion\beamerthemefocus.sty
Package: beamerthemefocus 2018/07/15 v2.0 Focus Beamer theme
 ("C:\Program Files\MiKTeX 2.9\tex/latex/base\fontenc.sty"
Package: fontenc 2018/08/11 v2.0j Standard LaTeX package
 ("C:\Program Files\MiKTeX 2.9\tex/latex/base\t1enc.def"
File: t1enc.def 2018/08/11 v2.0j Standard LaTeX file
LaTeX Font Info:    Redeclaring font encoding T1 on input line 48.
)) ("C:\Users\Lavigna Gonzalo\AppData\Roaming\MiKTeX\2.9\tex/latex/fira\FiraSans.sty"
Package: FiraSans 2019/04/04 (Bob Tennent and autoinst) Style file for Fira Sans fonts.
 ("C:\Program Files\MiKTeX 2.9\tex/latex/xkeyval\xkeyval.sty"
Package: xkeyval 2014/12/03 v2.7a package option processing (HA)
 ("C:\Program Files\MiKTeX 2.9\tex/generic/xkeyval\xkeyval.tex" ("C:\Program Files\MiKTeX 2.9\tex/generic/xkeyval\xkvutils.tex"
\XKV@toks=\toks43
\XKV@tempa@toks=\toks44
)
\XKV@depth=\count157
File: xkeyval.tex 2014/12/03 v2.7a key=value parser (HA)
)) ("C:\Program Files\MiKTeX 2.9\tex/latex/base\textcomp.sty"
Package: textcomp 2018/08/11 v2.0j Standard LaTeX package
Package textcomp Info: Sub-encoding information:
(textcomp)               5 = only ISO-Adobe without \textcurrency
(textcomp)               4 = 5 + \texteuro
(textcomp)               3 = 4 + \textohm
(textcomp)               2 = 3 + \textestimated + \textcurrency
(textcomp)               1 = TS1 - \textcircled - \t
(textcomp)               0 = TS1 (full)
(textcomp)             Font families with sub-encoding setting implement
(textcomp)             only a restricted character set as indicated.
(textcomp)             Family '?' is the default used for unknown fonts.
(textcomp)             See the documentation for details.
Package textcomp Info: Setting ? sub-encoding to TS1/1 on input line 79.
 ("C:\Program Files\MiKTeX 2.9\tex/latex/base\ts1enc.def"
File: ts1enc.def 2001/06/05 v3.0e (jk/car/fm) Standard LaTeX file
Now handling font encoding TS1 ...
... processing UTF-8 mapping file for font encoding TS1
 ("C:\Program Files\MiKTeX 2.9\tex/latex/base\ts1enc.dfu"
File: ts1enc.dfu 2019/07/11 v1.2j UTF-8 support for inputenc
   defining Unicode char U+00A2 (decimal 162)
   defining Unicode char U+00A3 (decimal 163)
   defining Unicode char U+00A4 (decimal 164)
   defining Unicode char U+00A5 (decimal 165)
   defining Unicode char U+00A6 (decimal 166)
   defining Unicode char U+00A7 (decimal 167)
   defining Unicode char U+00A8 (decimal 168)
   defining Unicode char U+00A9 (decimal 169)
   defining Unicode char U+00AA (decimal 170)
   defining Unicode char U+00AC (decimal 172)
   defining Unicode char U+00AE (decimal 174)
   defining Unicode char U+00AF (decimal 175)
   defining Unicode char U+00B0 (decimal 176)
   defining Unicode char U+00B1 (decimal 177)
   defining Unicode char U+00B2 (decimal 178)
   defining Unicode char U+00B3 (decimal 179)
   defining Unicode char U+00B4 (decimal 180)
   defining Unicode char U+00B5 (decimal 181)
   defining Unicode char U+00B6 (decimal 182)
   defining Unicode char U+00B7 (decimal 183)
   defining Unicode char U+00B9 (decimal 185)
   defining Unicode char U+00BA (decimal 186)
   defining Unicode char U+00BC (decimal 188)
   defining Unicode char U+00BD (decimal 189)
   defining Unicode char U+00BE (decimal 190)
   defining Unicode char U+00D7 (decimal 215)
   defining Unicode char U+00F7 (decimal 247)
   defining Unicode char U+0192 (decimal 402)
   defining Unicode char U+02C7 (decimal 711)
   defining Unicode char U+02D8 (decimal 728)
   defining Unicode char U+02DD (decimal 733)
   defining Unicode char U+0E3F (decimal 3647)
   defining Unicode char U+2016 (decimal 8214)
   defining Unicode char U+2020 (decimal 8224)
   defining Unicode char U+2021 (decimal 8225)
   defining Unicode char U+2022 (decimal 8226)
   defining Unicode char U+2030 (decimal 8240)
   defining Unicode char U+2031 (decimal 8241)
   defining Unicode char U+203B (decimal 8251)
   defining Unicode char U+203D (decimal 8253)
   defining Unicode char U+2044 (decimal 8260)
   defining Unicode char U+204E (decimal 8270)
   defining Unicode char U+2052 (decimal 8274)
   defining Unicode char U+20A1 (decimal 8353)
   defining Unicode char U+20A4 (decimal 8356)
   defining Unicode char U+20A6 (decimal 8358)
   defining Unicode char U+20A9 (decimal 8361)
   defining Unicode char U+20AB (decimal 8363)
   defining Unicode char U+20AC (decimal 8364)
   defining Unicode char U+20B1 (decimal 8369)
   defining Unicode char U+2103 (decimal 8451)
   defining Unicode char U+2116 (decimal 8470)
   defining Unicode char U+2117 (decimal 8471)
   defining Unicode char U+211E (decimal 8478)
   defining Unicode char U+2120 (decimal 8480)
   defining Unicode char U+2122 (decimal 8482)
   defining Unicode char U+2126 (decimal 8486)
   defining Unicode char U+2127 (decimal 8487)
   defining Unicode char U+212E (decimal 8494)
   defining Unicode char U+2190 (decimal 8592)
   defining Unicode char U+2191 (decimal 8593)
   defining Unicode char U+2192 (decimal 8594)
   defining Unicode char U+2193 (decimal 8595)
   defining Unicode char U+2329 (decimal 9001)
   defining Unicode char U+232A (decimal 9002)
   defining Unicode char U+2422 (decimal 9250)
   defining Unicode char U+25E6 (decimal 9702)
   defining Unicode char U+25EF (decimal 9711)
   defining Unicode char U+266A (decimal 9834)
   defining Unicode char U+27E8 (decimal 10216)
   defining Unicode char U+27E9 (decimal 10217)
   defining Unicode char U+FEFF (decimal 65279)
))
LaTeX Info: Redefining \oldstylenums on input line 334.
Package textcomp Info: Setting cmr sub-encoding to TS1/0 on input line 349.
Package textcomp Info: Setting cmss sub-encoding to TS1/0 on input line 350.
Package textcomp Info: Setting cmtt sub-encoding to TS1/0 on input line 351.
Package textcomp Info: Setting cmvtt sub-encoding to TS1/0 on input line 352.
Package textcomp Info: Setting cmbr sub-encoding to TS1/0 on input line 353.
Package textcomp Info: Setting cmtl sub-encoding to TS1/0 on input line 354.
Package textcomp Info: Setting ccr sub-encoding to TS1/0 on input line 355.
Package textcomp Info: Setting ptm sub-encoding to TS1/4 on input line 356.
Package textcomp Info: Setting pcr sub-encoding to TS1/4 on input line 357.
Package textcomp Info: Setting phv sub-encoding to TS1/4 on input line 358.
Package textcomp Info: Setting ppl sub-encoding to TS1/3 on input line 359.
Package textcomp Info: Setting pag sub-encoding to TS1/4 on input line 360.
Package textcomp Info: Setting pbk sub-encoding to TS1/4 on input line 361.
Package textcomp Info: Setting pnc sub-encoding to TS1/4 on input line 362.
Package textcomp Info: Setting pzc sub-encoding to TS1/4 on input line 363.
Package textcomp Info: Setting bch sub-encoding to TS1/4 on input line 364.
Package textcomp Info: Setting put sub-encoding to TS1/5 on input line 365.
Package textcomp Info: Setting uag sub-encoding to TS1/5 on input line 366.
Package textcomp Info: Setting ugq sub-encoding to TS1/5 on input line 367.
Package textcomp Info: Setting ul8 sub-encoding to TS1/4 on input line 368.
Package textcomp Info: Setting ul9 sub-encoding to TS1/4 on input line 369.
Package textcomp Info: Setting augie sub-encoding to TS1/5 on input line 370.
Package textcomp Info: Setting dayrom sub-encoding to TS1/3 on input line 371.
Package textcomp Info: Setting dayroms sub-encoding to TS1/3 on input line 372.
Package textcomp Info: Setting pxr sub-encoding to TS1/0 on input line 373.
Package textcomp Info: Setting pxss sub-encoding to TS1/0 on input line 374.
Package textcomp Info: Setting pxtt sub-encoding to TS1/0 on input line 375.
Package textcomp Info: Setting txr sub-encoding to TS1/0 on input line 376.
Package textcomp Info: Setting txss sub-encoding to TS1/0 on input line 377.
Package textcomp Info: Setting txtt sub-encoding to TS1/0 on input line 378.
Package textcomp Info: Setting lmr sub-encoding to TS1/0 on input line 379.
Package textcomp Info: Setting lmdh sub-encoding to TS1/0 on input line 380.
Package textcomp Info: Setting lmss sub-encoding to TS1/0 on input line 381.
Package textcomp Info: Setting lmssq sub-encoding to TS1/0 on input line 382.
Package textcomp Info: Setting lmvtt sub-encoding to TS1/0 on input line 383.
Package textcomp Info: Setting lmtt sub-encoding to TS1/0 on input line 384.
Package textcomp Info: Setting qhv sub-encoding to TS1/0 on input line 385.
Package textcomp Info: Setting qag sub-encoding to TS1/0 on input line 386.
Package textcomp Info: Setting qbk sub-encoding to TS1/0 on input line 387.
Package textcomp Info: Setting qcr sub-encoding to TS1/0 on input line 388.
Package textcomp Info: Setting qcs sub-encoding to TS1/0 on input line 389.
Package textcomp Info: Setting qpl sub-encoding to TS1/0 on input line 390.
Package textcomp Info: Setting qtm sub-encoding to TS1/0 on input line 391.
Package textcomp Info: Setting qzc sub-encoding to TS1/0 on input line 392.
Package textcomp Info: Setting qhvc sub-encoding to TS1/0 on input line 393.
Package textcomp Info: Setting futs sub-encoding to TS1/4 on input line 394.
Package textcomp Info: Setting futx sub-encoding to TS1/4 on input line 395.
Package textcomp Info: Setting futj sub-encoding to TS1/4 on input line 396.
Package textcomp Info: Setting hlh sub-encoding to TS1/3 on input line 397.
Package textcomp Info: Setting hls sub-encoding to TS1/3 on input line 398.
Package textcomp Info: Setting hlst sub-encoding to TS1/3 on input line 399.
Package textcomp Info: Setting hlct sub-encoding to TS1/5 on input line 400.
Package textcomp Info: Setting hlx sub-encoding to TS1/5 on input line 401.
Package textcomp Info: Setting hlce sub-encoding to TS1/5 on input line 402.
Package textcomp Info: Setting hlcn sub-encoding to TS1/5 on input line 403.
Package textcomp Info: Setting hlcw sub-encoding to TS1/5 on input line 404.
Package textcomp Info: Setting hlcf sub-encoding to TS1/5 on input line 405.
Package textcomp Info: Setting pplx sub-encoding to TS1/3 on input line 406.
Package textcomp Info: Setting pplj sub-encoding to TS1/3 on input line 407.
Package textcomp Info: Setting ptmx sub-encoding to TS1/4 on input line 408.
Package textcomp Info: Setting ptmj sub-encoding to TS1/4 on input line 409.
) ("C:\Users\Lavigna Gonzalo\AppData\Roaming\MiKTeX\2.9\tex/latex/mweights\mweights.sty"
Package: mweights 2017/03/30 (Bob Tennent) Support package for multiple-weight font packages. 
LaTeX Info: Redefining \bfseries on input line 22.
LaTeX Info: Redefining \mdseries on input line 30.
LaTeX Info: Redefining \rmfamily on input line 38.
LaTeX Info: Redefining \sffamily on input line 66.
LaTeX Info: Redefining \ttfamily on input line 94.
) ("C:\Users\Lavigna Gonzalo\AppData\Roaming\MiKTeX\2.9\tex/latex/fontaxes\fontaxes.sty"
Package: fontaxes 2014/03/23 v1.0d Font selection axes
LaTeX Info: Redefining \upshape on input line 29.
LaTeX Info: Redefining \itshape on input line 31.
LaTeX Info: Redefining \slshape on input line 33.
LaTeX Info: Redefining \scshape on input line 37.
)) (f:/GIT\CIAA\15-mse_24sed_tp_final\presentacion\FiraMono.sty
Package: FiraMono 2018/08/22 (Bob Tennent and autoinst) Style file for Fira Mono fonts.
 ("C:\Program Files\MiKTeX 2.9\tex/latex/base\fontenc.sty"
Package: fontenc 2018/08/11 v2.0j Standard LaTeX package
)) (f:/GIT\CIAA\15-mse_24sed_tp_final\presentacion\beamercolorthemefocus.sty) (f:/GIT\CIAA\15-mse_24sed_tp_final\presentacion\beamerfontthemefocus.sty) (f:/GIT\CIAA\15-mse_24sed_tp_final\presentacion\beamerinnerthemefocus.sty ("C:\Users\Lavigna Gonzalo\AppData\Roaming\MiKTeX\2.9\tex/latex/pgf/frontendlayer\tikz.sty" ("C:\Users\Lavigna Gonzalo\AppData\Roaming\MiKTeX\2.9\tex/latex/pgf/basiclayer\pgf.sty"
Package: pgf 2019/08/03 v3.1.4b (3.1.4b)
 ("C:\Users\Lavigna Gonzalo\AppData\Roaming\MiKTeX\2.9\tex/generic/pgf/modules\pgfmoduleshapes.code.tex"
File: pgfmoduleshapes.code.tex 2019/08/03 v3.1.4b (3.1.4b)
\pgfnodeparttextbox=\box55
) ("C:\Users\Lavigna Gonzalo\AppData\Roaming\MiKTeX\2.9\tex/generic/pgf/modules\pgfmoduleplot.code.tex"
File: pgfmoduleplot.code.tex 2019/08/03 v3.1.4b (3.1.4b)
) ("C:\Users\Lavigna Gonzalo\AppData\Roaming\MiKTeX\2.9\tex/latex/pgf/compatibility\pgfcomp-version-0-65.sty"
Package: pgfcomp-version-0-65 2019/08/03 v3.1.4b (3.1.4b)
\pgf@nodesepstart=\dimen189
\pgf@nodesepend=\dimen190
) ("C:\Users\Lavigna Gonzalo\AppData\Roaming\MiKTeX\2.9\tex/latex/pgf/compatibility\pgfcomp-version-1-18.sty"
Package: pgfcomp-version-1-18 2019/08/03 v3.1.4b (3.1.4b)
)) ("C:\Users\Lavigna Gonzalo\AppData\Roaming\MiKTeX\2.9\tex/latex/pgf/utilities\pgffor.sty" ("C:\Users\Lavigna Gonzalo\AppData\Roaming\MiKTeX\2.9\tex/latex/pgf/utilities\pgfkeys.sty" ("C:\Users\Lavigna Gonzalo\AppData\Roaming\MiKTeX\2.9\tex/generic/pgf/utilities\pgfkeys.code.tex")) ("C:\Users\Lavigna Gonzalo\AppData\Roaming\MiKTeX\2.9\tex/latex/pgf/math\pgfmath.sty" ("C:\Users\Lavigna Gonzalo\AppData\Roaming\MiKTeX\2.9\tex/generic/pgf/math\pgfmath.code.tex")) ("C:\Users\Lavigna Gonzalo\AppData\Roaming\MiKTeX\2.9\tex/generic/pgf/utilities\pgffor.code.tex"
Package: pgffor 2019/08/03 v3.1.4b (3.1.4b)
 ("C:\Users\Lavigna Gonzalo\AppData\Roaming\MiKTeX\2.9\tex/generic/pgf/math\pgfmath.code.tex")
\pgffor@iter=\dimen191
\pgffor@skip=\dimen192
\pgffor@stack=\toks45
\pgffor@toks=\toks46
)) ("C:\Users\Lavigna Gonzalo\AppData\Roaming\MiKTeX\2.9\tex/generic/pgf/frontendlayer/tikz\tikz.code.tex"
Package: tikz 2019/08/03 v3.1.4b (3.1.4b)
 ("C:\Users\Lavigna Gonzalo\AppData\Roaming\MiKTeX\2.9\tex/generic/pgf/libraries\pgflibraryplothandlers.code.tex"
File: pgflibraryplothandlers.code.tex 2019/08/03 v3.1.4b (3.1.4b)
\pgf@plot@mark@count=\count158
\pgfplotmarksize=\dimen193
)
\tikz@lastx=\dimen194
\tikz@lasty=\dimen195
\tikz@lastxsaved=\dimen196
\tikz@lastysaved=\dimen197
\tikz@lastmovetox=\dimen198
\tikz@lastmovetoy=\dimen199
\tikzleveldistance=\dimen256
\tikzsiblingdistance=\dimen257
\tikz@figbox=\box56
\tikz@figbox@bg=\box57
\tikz@tempbox=\box58
\tikz@tempbox@bg=\box59
\tikztreelevel=\count159
\tikznumberofchildren=\count160
\tikznumberofcurrentchild=\count161
\tikz@fig@count=\count162
 ("C:\Users\Lavigna Gonzalo\AppData\Roaming\MiKTeX\2.9\tex/generic/pgf/modules\pgfmodulematrix.code.tex"
File: pgfmodulematrix.code.tex 2019/08/03 v3.1.4b (3.1.4b)
\pgfmatrixcurrentrow=\count163
\pgfmatrixcurrentcolumn=\count164
\pgf@matrix@numberofcolumns=\count165
)
\tikz@expandcount=\count166
 ("C:\Users\Lavigna Gonzalo\AppData\Roaming\MiKTeX\2.9\tex/generic/pgf/frontendlayer/tikz/libraries\tikzlibrarytopaths.code.tex"
File: tikzlibrarytopaths.code.tex 2019/08/03 v3.1.4b (3.1.4b)
)))) (f:/GIT\CIAA\15-mse_24sed_tp_final\presentacion\beamerouterthemefocus.sty ("C:\Users\Lavigna Gonzalo\AppData\Roaming\MiKTeX\2.9\tex/latex/appendixnumberbeamer\appendixnumberbeamer.sty")
\focus@pbar@height=\skip57
\focus@pbar@leftoffset=\skip58
\focus@pbar@rightoffset=\skip59
)) ("C:\Users\Lavigna Gonzalo\AppData\Roaming\MiKTeX\2.9\tex/latex/listings\listings.sty"
\lst@mode=\count167
\lst@gtempboxa=\box60
\lst@token=\toks47
\lst@length=\count168
\lst@currlwidth=\dimen258
\lst@column=\count169
\lst@pos=\count170
\lst@lostspace=\dimen259
\lst@width=\dimen260
\lst@newlines=\count171
\lst@lineno=\count172
\lst@maxwidth=\dimen261
 ("C:\Users\Lavigna Gonzalo\AppData\Roaming\MiKTeX\2.9\tex/latex/listings\lstmisc.sty"
File: lstmisc.sty 2019/09/10 1.8c (Carsten Heinz)
\c@lstnumber=\count173
\lst@skipnumbers=\count174
\lst@framebox=\box61
) ("C:\Users\Lavigna Gonzalo\AppData\Roaming\MiKTeX\2.9\tex/latex/listings\listings.cfg"
File: listings.cfg 2019/09/10 1.8c listings configuration
))
Package: listings 2019/09/10 1.8c (Carsten Heinz)
 ("C:\Users\Lavigna Gonzalo\AppData\Roaming\MiKTeX\2.9\tex/latex/adjustbox\adjustbox.sty"
Package: adjustbox 2019/01/04 v1.2 Adjusting TeX boxes (trim, clip, ...)
 ("C:\Users\Lavigna Gonzalo\AppData\Roaming\MiKTeX\2.9\tex/latex/adjustbox\adjcalc.sty"
Package: adjcalc 2012/05/16 v1.1 Provides advanced setlength with multiple back-ends (calc, etex, pgfmath)
) ("C:\Users\Lavigna Gonzalo\AppData\Roaming\MiKTeX\2.9\tex/latex/adjustbox\trimclip.sty"
Package: trimclip 2018/04/08 v1.1 Trim and clip general TeX material
 ("C:\Users\Lavigna Gonzalo\AppData\Roaming\MiKTeX\2.9\tex/latex/collectbox\collectbox.sty"
Package: collectbox 2012/05/17 v0.4b Collect macro arguments as boxes
\collectedbox=\box62
)
\tc@llx=\dimen262
\tc@lly=\dimen263
\tc@urx=\dimen264
\tc@ury=\dimen265
Package trimclip Info: Using driver 'tc-pdftex.def'.
 ("C:\Users\Lavigna Gonzalo\AppData\Roaming\MiKTeX\2.9\tex/latex/adjustbox\tc-pdftex.def"
File: tc-pdftex.def 2019/01/04 v2.2 Clipping driver for pdftex
))
\adjbox@Width=\dimen266
\adjbox@Height=\dimen267
\adjbox@Depth=\dimen268
\adjbox@Totalheight=\dimen269
\adjbox@pwidth=\dimen270
\adjbox@pheight=\dimen271
\adjbox@pdepth=\dimen272
\adjbox@ptotalheight=\dimen273
 ("C:\Users\Lavigna Gonzalo\AppData\Roaming\MiKTeX\2.9\tex/latex/ifoddpage\ifoddpage.sty"
Package: ifoddpage 2016/04/23 v1.1 Conditionals for odd/even page detection
\c@checkoddpage=\count175
) ("C:\Users\Lavigna Gonzalo\AppData\Roaming\MiKTeX\2.9\tex/latex/varwidth\varwidth.sty"
Package: varwidth 2009/03/30 ver 0.92;  Variable-width minipages
\@vwid@box=\box63
\sift@deathcycles=\count176
\@vwid@loff=\dimen274
\@vwid@roff=\dimen275
)) ("C:\Users\Lavigna Gonzalo\AppData\Roaming\MiKTeX\2.9\tex/latex/wrapfig\wrapfig.sty"
\wrapoverhang=\dimen276
\WF@size=\dimen277
\c@WF@wrappedlines=\count177
\WF@box=\box64
\WF@everypar=\toks48
Package: wrapfig 2003/01/31  v 3.6
) ("C:\Program Files\MiKTeX 2.9\tex/latex/tools\multicol.sty"
Package: multicol 2019/03/01 v1.8w multicolumn formatting (FMi)
\c@tracingmulticols=\count178
\mult@box=\box65
\multicol@leftmargin=\dimen278
\c@unbalance=\count179
\c@collectmore=\count180
\doublecol@number=\count181
\multicoltolerance=\count182
\multicolpretolerance=\count183
\full@width=\dimen279
\page@free=\dimen280
\premulticols=\dimen281
\postmulticols=\dimen282
\multicolsep=\skip60
\multicolbaselineskip=\skip61
\partial@page=\box66
\last@line=\box67
\maxbalancingoverflow=\dimen283
\mult@rightbox=\box68
\mult@grightbox=\box69
\mult@gfirstbox=\box70
\mult@firstbox=\box71
\@tempa=\box72
\@tempa=\box73
\@tempa=\box74
\@tempa=\box75
\@tempa=\box76
\@tempa=\box77
\@tempa=\box78
\@tempa=\box79
\@tempa=\box80
\@tempa=\box81
\@tempa=\box82
\@tempa=\box83
\@tempa=\box84
\@tempa=\box85
\@tempa=\box86
\@tempa=\box87
\@tempa=\box88
\c@minrows=\count184
\c@columnbadness=\count185
\c@finalcolumnbadness=\count186
\last@try=\dimen284
\multicolovershoot=\dimen285
\multicolundershoot=\dimen286
\mult@nat@firstbox=\box89
\colbreak@box=\box90
\mc@col@check@num=\count187
) ("C:\Users\Lavigna Gonzalo\AppData\Roaming\MiKTeX\2.9\tex/latex/booktabs\booktabs.sty"
Package: booktabs 2019/10/08 v1.6180339 publication quality tables
\heavyrulewidth=\dimen287
\lightrulewidth=\dimen288
\cmidrulewidth=\dimen289
\belowrulesep=\dimen290
\belowbottomsep=\dimen291
\aboverulesep=\dimen292
\abovetopsep=\dimen293
\cmidrulesep=\dimen294
\cmidrulekern=\dimen295
\defaultaddspace=\dimen296
\@cmidla=\count188
\@cmidlb=\count189
\@aboverulesep=\dimen297
\@belowrulesep=\dimen298
\@thisruleclass=\count190
\@lastruleclass=\count191
\@thisrulewidth=\dimen299
) ("C:\Program Files\MiKTeX 2.9\tex/latex/base\inputenc.sty"
Package: inputenc 2018/08/11 v1.3c Input encoding file
\inpenc@prehook=\toks49
\inpenc@posthook=\toks50
) ("C:\Program Files\MiKTeX 2.9\tex/latex/base\fontenc.sty"
Package: fontenc 2018/08/11 v2.0j Standard LaTeX package
 ("C:\Program Files\MiKTeX 2.9\tex/latex/base\t1enc.def"
File: t1enc.def 2018/08/11 v2.0j Standard LaTeX file
LaTeX Font Info:    Redeclaring font encoding T1 on input line 48.
))

Package hyperref Warning: Token not allowed in a PDF string (PDFDocEncoding):
(hyperref)                removing `\<let>-command' on input line 37.


Package hyperref Warning: Token not allowed in a PDF string (PDFDocEncoding):
(hyperref)                removing `\\' on input line 37.


Package hyperref Warning: Token not allowed in a PDF string (PDFDocEncoding):
(hyperref)                removing `\@centercr' on input line 37.


Package hyperref Warning: Token not allowed in a PDF string (PDFDocEncoding):
(hyperref)                removing `\rightskip' on input line 37.


Package hyperref Warning: Token not allowed in a PDF string (PDFDocEncoding):
(hyperref)                removing `\@flushglue' on input line 37.


Package hyperref Warning: Token not allowed in a PDF string (PDFDocEncoding):
(hyperref)                removing `\leftskip' on input line 37.


Package hyperref Warning: Token not allowed in a PDF string (PDFDocEncoding):
(hyperref)                removing `\@flushglue' on input line 37.


Package hyperref Warning: Token not allowed in a PDF string (PDFDocEncoding):
(hyperref)                removing `\parindent' on input line 37.


Package hyperref Warning: Token not allowed in a PDF string (PDFDocEncoding):
(hyperref)                removing `\z@' on input line 37.


Package hyperref Warning: Token not allowed in a PDF string (PDFDocEncoding):
(hyperref)                removing `\parfillskip' on input line 37.


Package hyperref Warning: Token not allowed in a PDF string (PDFDocEncoding):
(hyperref)                removing `\z@skip' on input line 37.


Package hyperref Warning: Token not allowed in a PDF string (PDFDocEncoding):
(hyperref)                removing `\<let>-command' on input line 37.


Package hyperref Warning: Token not allowed in a PDF string (PDFDocEncoding):
(hyperref)                removing `\\' on input line 37.


Package hyperref Warning: Token not allowed in a PDF string (PDFDocEncoding):
(hyperref)                removing `\@centercr' on input line 37.


Package hyperref Warning: Token not allowed in a PDF string (PDFDocEncoding):
(hyperref)                removing `\rightskip' on input line 37.


Package hyperref Warning: Token not allowed in a PDF string (PDFDocEncoding):
(hyperref)                removing `\@flushglue' on input line 37.


Package hyperref Warning: Token not allowed in a PDF string (PDFDocEncoding):
(hyperref)                removing `\leftskip' on input line 37.


Package hyperref Warning: Token not allowed in a PDF string (PDFDocEncoding):
(hyperref)                removing `\@flushglue' on input line 37.


Package hyperref Warning: Token not allowed in a PDF string (PDFDocEncoding):
(hyperref)                removing `\parindent' on input line 37.


Package hyperref Warning: Token not allowed in a PDF string (PDFDocEncoding):
(hyperref)                removing `\z@' on input line 37.


Package hyperref Warning: Token not allowed in a PDF string (PDFDocEncoding):
(hyperref)                removing `\parfillskip' on input line 37.


Package hyperref Warning: Token not allowed in a PDF string (PDFDocEncoding):
(hyperref)                removing `\z@skip' on input line 37.

(f:/GIT\CIAA\15-mse_24sed_tp_final\presentacion\template.aux)
\openout1 = `template.aux'.

LaTeX Font Info:    Checking defaults for OML/cmm/m/it on input line 37.
LaTeX Font Info:    ... okay on input line 37.
LaTeX Font Info:    Checking defaults for T1/cmr/m/n on input line 37.
LaTeX Font Info:    ... okay on input line 37.
LaTeX Font Info:    Checking defaults for OT1/cmr/m/n on input line 37.
LaTeX Font Info:    ... okay on input line 37.
LaTeX Font Info:    Checking defaults for OMS/cmsy/m/n on input line 37.
LaTeX Font Info:    ... okay on input line 37.
LaTeX Font Info:    Checking defaults for OMX/cmex/m/n on input line 37.
LaTeX Font Info:    ... okay on input line 37.
LaTeX Font Info:    Checking defaults for U/cmr/m/n on input line 37.
LaTeX Font Info:    ... okay on input line 37.
LaTeX Font Info:    Checking defaults for PD1/pdf/m/n on input line 37.
LaTeX Font Info:    ... okay on input line 37.
LaTeX Font Info:    Checking defaults for TS1/cmr/m/n on input line 37.
LaTeX Font Info:    Trying to load font information for TS1+cmr on input line 37.
 ("C:\Program Files\MiKTeX 2.9\tex/latex/base\ts1cmr.fd"
File: ts1cmr.fd 2014/09/29 v2.5h Standard LaTeX font definitions
)
LaTeX Font Info:    ... okay on input line 37.
LaTeX Font Info:    Trying to load font information for T1+FiraSans-OsF on input line 37.
 ("C:\Users\Lavigna Gonzalo\AppData\Roaming\MiKTeX\2.9\tex/latex/fira\t1firasans-osf.fd"
File: T1FiraSans-OsF.fd 2019/06/04 (autoinst) Font definitions for T1/FiraSans-OsF.
)
LaTeX Font Info:    Font shape `T1/FiraSans-OsF/m/n' in size <10.95> not available
(Font)              Font shape `T1/FiraSans-OsF/regular/n' tried instead on input line 37.
LaTeX Font Info:    Font shape `T1/FiraSans-OsF/regular/n' will be
(Font)              scaled to size 10.95pt on input line 37.

*geometry* driver: auto-detecting
*geometry* detected driver: pdftex
*geometry* verbose mode - [ preamble ] result:
* driver: pdftex
* paper: custom
* layout: <same size as paper>
* layoutoffset:(h,v)=(0.0pt,0.0pt)
* modes: includehead includefoot 
* h-part:(L,W,R)=(21.33955pt, 321.51625pt, 21.33955pt)
* v-part:(T,H,B)=(0.0pt, 273.14662pt, 0.0pt)
* \paperwidth=364.19536pt
* \paperheight=273.14662pt
* \textwidth=321.51625pt
* \textheight=244.6939pt
* \oddsidemargin=-50.93044pt
* \evensidemargin=-50.93044pt
* \topmargin=-72.26999pt
* \headheight=14.22636pt
* \headsep=0.0pt
* \topskip=11.0pt
* \footskip=14.22636pt
* \marginparwidth=4.0pt
* \marginparsep=10.0pt
* \columnsep=10.0pt
* \skip\footins=10.0pt plus 4.0pt minus 2.0pt
* \hoffset=0.0pt
* \voffset=0.0pt
* \mag=1000
* \@twocolumnfalse
* \@twosidefalse
* \@mparswitchfalse
* \@reversemarginfalse
* (1in=72.27pt=25.4mm, 1cm=28.453pt)

("C:\Users\Lavigna Gonzalo\AppData\Roaming\MiKTeX\2.9\tex/context/base/mkii\supp-pdf.mkii"
[Loading MPS to PDF converter (version 2006.09.02).]
\scratchcounter=\count192
\scratchdimen=\dimen300
\scratchbox=\box91
\nofMPsegments=\count193
\nofMParguments=\count194
\everyMPshowfont=\toks51
\MPscratchCnt=\count195
\MPscratchDim=\dimen301
\MPnumerator=\count196
\makeMPintoPDFobject=\count197
\everyMPtoPDFconversion=\toks52
) ("C:\Program Files\MiKTeX 2.9\tex/latex/oberdiek\epstopdf-base.sty"
Package: epstopdf-base 2016/05/15 v2.6 Base part for package epstopdf
 ("C:\Program Files\MiKTeX 2.9\tex/latex/oberdiek\grfext.sty"
Package: grfext 2016/05/16 v1.2 Manage graphics extensions (HO)
)
Package epstopdf-base Info: Redefining graphics rule for `.eps' on input line 438.
Package grfext Info: Graphics extension search list:
(grfext)             [.pdf,.png,.jpg,.mps,.jpeg,.jbig2,.jb2,.PDF,.PNG,.JPG,.JPEG,.JBIG2,.JB2,.eps]
(grfext)             \AppendGraphicsExtensions on input line 456.
) ABD: EveryShipout initializing macros
\AtBeginShipoutBox=\box92
Package hyperref Info: Link coloring OFF on input line 37.
 ("C:\Program Files\MiKTeX 2.9\tex/latex/hyperref\nameref.sty"
Package: nameref 2019/09/16 v2.46 Cross-referencing by name of section
 ("C:\Program Files\MiKTeX 2.9\tex/generic/oberdiek\gettitlestring.sty"
Package: gettitlestring 2016/05/16 v1.5 Cleanup title references (HO)
)
\c@section@level=\count198
)
LaTeX Info: Redefining \ref on input line 37.
LaTeX Info: Redefining \pageref on input line 37.
LaTeX Info: Redefining \nameref on input line 37.
 (f:/GIT\CIAA\15-mse_24sed_tp_final\presentacion\template.out) (f:/GIT\CIAA\15-mse_24sed_tp_final\presentacion\template.out)
\@outlinefile=\write5
\openout5 = `template.out'.

LaTeX Font Info:    Overwriting symbol font `operators' in version `normal'
(Font)                  OT1/cmr/m/n --> OT1/cmss/m/n on input line 37.
LaTeX Font Info:    Overwriting symbol font `operators' in version `bold'
(Font)                  OT1/cmr/bx/n --> OT1/cmss/bx/n on input line 37.
\symnumbers=\mathgroup6
\sympureletters=\mathgroup7
LaTeX Font Info:    Overwriting math alphabet `\mathrm' in version `normal'
(Font)                  OT1/cmss/m/n --> T1/cmr/m/n on input line 37.
LaTeX Font Info:    Redeclaring math alphabet \mathbf on input line 37.
LaTeX Font Info:    Overwriting math alphabet `\mathbf' in version `normal'
(Font)                  OT1/cmr/bx/n --> T1/FiraSans-OsF/bx/n on input line 37.
LaTeX Font Info:    Overwriting math alphabet `\mathbf' in version `bold'
(Font)                  OT1/cmr/bx/n --> T1/FiraSans-OsF/bx/n on input line 37.
LaTeX Font Info:    Redeclaring math alphabet \mathsf on input line 37.
LaTeX Font Info:    Overwriting math alphabet `\mathsf' in version `normal'
(Font)                  OT1/cmss/m/n --> T1/FiraSans-OsF/m/n on input line 37.
LaTeX Font Info:    Overwriting math alphabet `\mathsf' in version `bold'
(Font)                  OT1/cmss/bx/n --> T1/FiraSans-OsF/m/n on input line 37.
LaTeX Font Info:    Redeclaring math alphabet \mathit on input line 37.
LaTeX Font Info:    Overwriting math alphabet `\mathit' in version `normal'
(Font)                  OT1/cmr/m/it --> T1/FiraSans-OsF/m/it on input line 37.
LaTeX Font Info:    Overwriting math alphabet `\mathit' in version `bold'
(Font)                  OT1/cmr/bx/it --> T1/FiraSans-OsF/m/it on input line 37.
LaTeX Font Info:    Redeclaring math alphabet \mathtt on input line 37.
LaTeX Font Info:    Overwriting math alphabet `\mathtt' in version `normal'
(Font)                  OT1/cmtt/m/n --> T1/FiraMono-TOsF/m/n on input line 37.
LaTeX Font Info:    Overwriting math alphabet `\mathtt' in version `bold'
(Font)                  OT1/cmtt/m/n --> T1/FiraMono-TOsF/m/n on input line 37.
LaTeX Font Info:    Overwriting symbol font `numbers' in version `bold'
(Font)                  T1/FiraSans-OsF/m/n --> T1/FiraSans-OsF/bx/n on input line 37.
LaTeX Font Info:    Overwriting symbol font `pureletters' in version `bold'
(Font)                  T1/FiraSans-OsF/m/it --> T1/FiraSans-OsF/bx/it on input line 37.
LaTeX Font Info:    Overwriting math alphabet `\mathrm' in version `bold'
(Font)                  OT1/cmss/bx/n --> T1/cmr/bx/n on input line 37.
LaTeX Font Info:    Overwriting math alphabet `\mathbf' in version `bold'
(Font)                  T1/FiraSans-OsF/bx/n --> T1/FiraSans-OsF/bx/n on input line 37.
LaTeX Font Info:    Overwriting math alphabet `\mathsf' in version `bold'
(Font)                  T1/FiraSans-OsF/m/n --> T1/FiraSans-OsF/bx/n on input line 37.
LaTeX Font Info:    Overwriting math alphabet `\mathit' in version `bold'
(Font)                  T1/FiraSans-OsF/m/it --> T1/FiraSans-OsF/bx/it on input line 37.
LaTeX Font Info:    Overwriting math alphabet `\mathtt' in version `bold'
(Font)                  T1/FiraMono-TOsF/m/n --> T1/FiraMono-TOsF/bx/n on input line 37.
 ("C:\Users\Lavigna Gonzalo\AppData\Roaming\MiKTeX\2.9\tex/latex/translator\translator-basic-dictionary-English.dict"
Dictionary: translator-basic-dictionary, Language: English 
) ("C:\Users\Lavigna Gonzalo\AppData\Roaming\MiKTeX\2.9\tex/latex/translator\translator-bibliography-dictionary-English.dict"
Dictionary: translator-bibliography-dictionary, Language: English 
) ("C:\Users\Lavigna Gonzalo\AppData\Roaming\MiKTeX\2.9\tex/latex/translator\translator-environment-dictionary-English.dict"
Dictionary: translator-environment-dictionary, Language: English 
) ("C:\Users\Lavigna Gonzalo\AppData\Roaming\MiKTeX\2.9\tex/latex/translator\translator-months-dictionary-English.dict"
Dictionary: translator-months-dictionary, Language: English 
) ("C:\Users\Lavigna Gonzalo\AppData\Roaming\MiKTeX\2.9\tex/latex/translator\translator-numbers-dictionary-English.dict"
Dictionary: translator-numbers-dictionary, Language: English 
) ("C:\Users\Lavigna Gonzalo\AppData\Roaming\MiKTeX\2.9\tex/latex/translator\translator-theorem-dictionary-English.dict"
Dictionary: translator-theorem-dictionary, Language: English 
)
\c@mv@tabular=\count199
\c@mv@boldtabular=\count266
\c@lstlisting=\count267
 (f:/GIT\CIAA\15-mse_24sed_tp_final\presentacion\template.nav)
LaTeX Font Info:    Font shape `T1/FiraSans-OsF/m/n' in size <6> not available
(Font)              Font shape `T1/FiraSans-OsF/regular/n' tried instead on input line 37.
LaTeX Font Info:    Font shape `T1/FiraSans-OsF/regular/n' will be
(Font)              scaled to size 6.0pt on input line 37.
LaTeX Font Info:    Font shape `T1/FiraSans-OsF/m/n' in size <8> not available
(Font)              Font shape `T1/FiraSans-OsF/regular/n' tried instead on input line 37.
LaTeX Font Info:    Font shape `T1/FiraSans-OsF/regular/n' will be
(Font)              scaled to size 8.0pt on input line 37.
LaTeX Font Info:    Font shape `T1/FiraSans-OsF/regular/n' will be
(Font)              scaled to size 20.74pt on input line 48.
LaTeX Font Info:    Font shape `T1/FiraSans-OsF/regular/sc' will be
(Font)              scaled to size 20.74pt on input line 48.
LaTeX Font Info:    Font shape `T1/FiraSans-OsF/bold/sc' will be
(Font)              scaled to size 20.74pt on input line 48.
LaTeX Font Info:    Font shape `T1/FiraSans-OsF/regular/n' will be
(Font)              scaled to size 14.4pt on input line 48.
LaTeX Font Info:    Font shape `T1/FiraSans-OsF/regular/sc' will be
(Font)              scaled to size 14.4pt on input line 48.
LaTeX Font Info:    Font shape `T1/FiraSans-OsF/regular/sc' will be
(Font)              scaled to size 10.0pt on input line 48.
<Images/Connectivity.jpg, id=16, 963.6pt x 654.445pt>
File: Images/Connectivity.jpg Graphic file (type jpg)
<use Images/Connectivity.jpg>
Package pdftex.def Info: Images/Connectivity.jpg  used on input line 48.
(pdftex.def)             Requested size: 192.71658pt x 130.88667pt.
LaTeX Font Info:    Font shape `T1/FiraSans-OsF/regular/n' will be
(Font)              scaled to size 12.0pt on input line 48.
LaTeX Font Info:    Font shape `T1/FiraSans-OsF/regular/sc' will be
(Font)              scaled to size 12.0pt on input line 48.


pdfTeX warning: pdflatex (file ./Figures/logo_fiuba.pdf): PDF inclusion: found PDF version <1.7>, but at most version <1.5> allowed
<./Figures/logo_fiuba.pdf, id=17, 246.6817pt x 185.0112pt>
File: ./Figures/logo_fiuba.pdf Graphic file (type pdf)
<use ./Figures/logo_fiuba.pdf>
Package pdftex.def Info: ./Figures/logo_fiuba.pdf  used on input line 48.
(pdftex.def)             Requested size: 96.45586pt x 34.29152pt.

Overfull \vbox (56.5848pt too high) detected at line 48
 []

LaTeX Font Info:    Font shape `T1/FiraSans-OsF/m/n' in size <4> not available
(Font)              Font shape `T1/FiraSans-OsF/regular/n' tried instead on input line 48.
LaTeX Font Info:    Font shape `T1/FiraSans-OsF/regular/n' will be
(Font)              scaled to size 4.0pt on input line 48.
[1

{C:/Users/Lavigna Gonzalo/AppData/Local/MiKTeX/2.9/pdftex/config/pdftex.map} <./Figures/logo_fiuba.pdf> <f:/GIT/CIAA/15-mse_24sed_tp_final/presentacion/Images/Connectivity.jpg>]
<./visio/Filmina_2.jpg, id=47, 271.0125pt x 444.15938pt>
File: ./visio/Filmina_2.jpg Graphic file (type jpg)
<use ./visio/Filmina_2.jpg>
Package pdftex.def Info: ./visio/Filmina_2.jpg  used on input line 67.
(pdftex.def)             Requested size: 128.60452pt x 210.77457pt.
LaTeX Font Info:    Trying to load font information for U+msa on input line 67.
 ("C:\Program Files\MiKTeX 2.9\tex/latex/amsfonts\umsa.fd"
File: umsa.fd 2013/01/14 v3.01 AMS symbols A
)
LaTeX Font Info:    Trying to load font information for U+msb on input line 67.
 ("C:\Program Files\MiKTeX 2.9\tex/latex/amsfonts\umsb.fd"
File: umsb.fd 2013/01/14 v3.01 AMS symbols B
)
LaTeX Font Info:    Font shape `T1/FiraSans-OsF/m/it' in size <10.95> not available
(Font)              Font shape `T1/FiraSans-OsF/regular/it' tried instead on input line 67.
LaTeX Font Info:    Font shape `T1/FiraSans-OsF/regular/it' will be
(Font)              scaled to size 10.95pt on input line 67.
LaTeX Font Info:    Font shape `T1/FiraSans-OsF/m/it' in size <8> not available
(Font)              Font shape `T1/FiraSans-OsF/regular/it' tried instead on input line 67.
LaTeX Font Info:    Font shape `T1/FiraSans-OsF/regular/it' will be
(Font)              scaled to size 8.0pt on input line 67.
LaTeX Font Info:    Font shape `T1/FiraSans-OsF/m/it' in size <6> not available
(Font)              Font shape `T1/FiraSans-OsF/regular/it' tried instead on input line 67.
LaTeX Font Info:    Font shape `T1/FiraSans-OsF/regular/it' will be
(Font)              scaled to size 6.0pt on input line 67.
LaTeX Font Info:    Font shape `T1/FiraSans-OsF/regular/n' will be
(Font)              scaled to size 10.0pt on input line 67.
LaTeX Font Info:    Font shape `T1/FiraSans-OsF/m/n' in size <10> not available
(Font)              Font shape `T1/FiraSans-OsF/regular/n' tried instead on input line 67.
LaTeX Font Info:    Font shape `T1/FiraSans-OsF/regular/n' will be
(Font)              scaled to size 10.0pt on input line 67.
LaTeX Font Info:    Font shape `T1/FiraSans-OsF/m/n' in size <7> not available
(Font)              Font shape `T1/FiraSans-OsF/regular/n' tried instead on input line 67.
LaTeX Font Info:    Font shape `T1/FiraSans-OsF/regular/n' will be
(Font)              scaled to size 7.0pt on input line 67.
LaTeX Font Info:    Font shape `T1/FiraSans-OsF/m/n' in size <5> not available
(Font)              Font shape `T1/FiraSans-OsF/regular/n' tried instead on input line 67.
LaTeX Font Info:    Font shape `T1/FiraSans-OsF/regular/n' will be
(Font)              scaled to size 5.0pt on input line 67.
LaTeX Font Info:    Font shape `T1/FiraSans-OsF/m/it' in size <10> not available
(Font)              Font shape `T1/FiraSans-OsF/regular/it' tried instead on input line 67.
LaTeX Font Info:    Font shape `T1/FiraSans-OsF/regular/it' will be
(Font)              scaled to size 10.0pt on input line 67.
LaTeX Font Info:    Font shape `T1/FiraSans-OsF/m/it' in size <7> not available
(Font)              Font shape `T1/FiraSans-OsF/regular/it' tried instead on input line 67.
LaTeX Font Info:    Font shape `T1/FiraSans-OsF/regular/it' will be
(Font)              scaled to size 7.0pt on input line 67.
LaTeX Font Info:    Font shape `T1/FiraSans-OsF/m/it' in size <5> not available
(Font)              Font shape `T1/FiraSans-OsF/regular/it' tried instead on input line 67.
LaTeX Font Info:    Font shape `T1/FiraSans-OsF/regular/it' will be
(Font)              scaled to size 5.0pt on input line 67.
LaTeX Font Info:    Font shape `T1/FiraSans-OsF/m/n' in size <14.4> not available
(Font)              Font shape `T1/FiraSans-OsF/regular/n' tried instead on input line 67.
LaTeX Font Info:    Font shape `T1/FiraSans-OsF/regular/n' will be
(Font)              scaled to size 14.4pt on input line 67.
LaTeX Font Info:    Font shape `T1/FiraSans-OsF/m/sc' in size <14.4> not available
(Font)              Font shape `T1/FiraSans-OsF/regular/sc' tried instead on input line 67.
LaTeX Font Info:    Font shape `T1/FiraSans-OsF/regular/sc' will be
(Font)              scaled to size 14.4pt on input line 67.
 [2

 <./visio/Filmina_2.jpg>]
<./visio/Filmina_3.jpg, id=55, 796.47563pt x 560.0925pt>
File: ./visio/Filmina_3.jpg Graphic file (type jpg)
<use ./visio/Filmina_3.jpg>
Package pdftex.def Info: ./visio/Filmina_3.jpg  used on input line 74.
(pdftex.def)             Requested size: 318.58461pt x 224.03302pt.

Overfull \vbox (0.5768pt too high) detected at line 74
 []

[3

 <./visio/Filmina_3.jpg>] [4

]
<./Figures/xnucleo.jpg, id=66, 594.22pt x 536.0025pt>
File: ./Figures/xnucleo.jpg Graphic file (type jpg)
<use ./Figures/xnucleo.jpg>
Package pdftex.def Info: ./Figures/xnucleo.jpg  used on input line 110.
(pdftex.def)             Requested size: 160.75812pt x 145.00887pt.
 [5

 <./Figures/xnucleo.jpg>]
<./Figures/kicad_top.png, id=72, 329.23pt x 276.03125pt>
File: ./Figures/kicad_top.png Graphic file (type png)
<use ./Figures/kicad_top.png>
Package pdftex.def Info: ./Figures/kicad_top.png  used on input line 126.
(pdftex.def)             Requested size: 160.75812pt x 134.78476pt.
 [6

 <./Figures/kicad_top.png>]
<./Figures/proto_pap_top.jpg, id=80, 849.1725pt x 849.1725pt>
File: ./Figures/proto_pap_top.jpg Graphic file (type jpg)
<use ./Figures/proto_pap_top.jpg>
Package pdftex.def Info: ./Figures/proto_pap_top.jpg  used on input line 135.
(pdftex.def)             Requested size: 160.75812pt x 160.74841pt.
<./Figures/proto_pap_bot.jpg, id=81, 849.1725pt x 849.1725pt>
File: ./Figures/proto_pap_bot.jpg Graphic file (type jpg)
<use ./Figures/proto_pap_bot.jpg>
Package pdftex.def Info: ./Figures/proto_pap_bot.jpg  used on input line 135.
(pdftex.def)             Requested size: 160.75812pt x 160.74841pt.
 [7

 <./Figures/proto_pap_top.jpg> <./Figures/proto_pap_bot.jpg>]
<./Figures/tivac.jpg, id=88, 737.75626pt x 493.845pt>
File: ./Figures/tivac.jpg Graphic file (type jpg)
<use ./Figures/tivac.jpg>
Package pdftex.def Info: ./Figures/tivac.jpg  used on input line 149.
(pdftex.def)             Requested size: 160.75812pt x 107.60634pt.
 [8

 <./Figures/tivac.jpg>]
<./videos/shot0001.jpg, id=95, 934.49126pt x 525.965pt>
File: ./videos/shot0001.jpg Graphic file (type jpg)
<use ./videos/shot0001.jpg>
Package pdftex.def Info: ./videos/shot0001.jpg  used on input line 166.
(pdftex.def)             Requested size: 160.75812pt x 90.48026pt.
 [9

 <./videos/shot0001.jpg>] [10

]
\openout4 = `template.vrb'.

 (f:/GIT\CIAA\15-mse_24sed_tp_final\presentacion\template.vrb
<./Figures/exact_stop.pdf, id=109, 142.5325pt x 384.43625pt>
File: ./Figures/exact_stop.pdf Graphic file (type pdf)
<use ./Figures/exact_stop.pdf>
Package pdftex.def Info: ./Figures/exact_stop.pdf  used on input line 26.
(pdftex.def)             Requested size: 80.37906pt x 216.79625pt.
) [11

 <./Figures/exact_stop.pdf>]
\openout4 = `template.vrb'.

 (f:/GIT\CIAA\15-mse_24sed_tp_final\presentacion\template.vrb
Overfull \hbox (2.09494pt too wide) in paragraph at lines 6--7
[][][] 
 []


Overfull \hbox (2.09494pt too wide) in paragraph at lines 9--10
[][][] 
 []


Overfull \hbox (2.09494pt too wide) in paragraph at lines 23--24
[][][] 
 []

<./Figures/gcode.pdf, id=124, 426.59375pt x 370.38374pt>
File: ./Figures/gcode.pdf Graphic file (type pdf)
<use ./Figures/gcode.pdf>
Package pdftex.def Info: ./Figures/gcode.pdf  used on input line 26.
(pdftex.def)             Requested size: 225.06038pt x 195.40948pt.
)
Overfull \vbox (22.77377pt too high) detected at line 247
 []

[12

 <./Figures/gcode.pdf>]
\openout4 = `template.vrb'.

 (f:/GIT\CIAA\15-mse_24sed_tp_final\presentacion\template.vrb
<./Figures/gcode2.pdf, id=141, 284.06125pt x 227.85126pt>
File: ./Figures/gcode2.pdf Graphic file (type pdf)
<use ./Figures/gcode2.pdf>
Package pdftex.def Info: ./Figures/gcode2.pdf  used on input line 23.
(pdftex.def)             Requested size: 225.06038pt x 180.53246pt.
) [13

 <./Figures/gcode2.pdf>]
<./Figures/firmware_flujo_basico.pdf, id=155, 569.12625pt x 767.86874pt>
File: ./Figures/firmware_flujo_basico.pdf Graphic file (type pdf)
<use ./Figures/firmware_flujo_basico.pdf>
Package pdftex.def Info: ./Figures/firmware_flujo_basico.pdf  used on input line 297.
(pdftex.def)             Requested size: 160.75812pt x 216.89989pt.
 [14

 <./Figures/firmware_flujo_basico.pdf>]
<./videos/shot0002.jpg, id=169, 1213.53375pt x 682.55pt>
File: ./videos/shot0002.jpg Graphic file (type jpg)
<use ./videos/shot0002.jpg>
Package pdftex.def Info: ./videos/shot0002.jpg  used on input line 314.
(pdftex.def)             Requested size: 160.75812pt x 90.4114pt.
 [15

 <./videos/shot0002.jpg>]
<./videos/shot0003.jpg, id=179, 1075.01625pt x 604.2575pt>
File: ./videos/shot0003.jpg Graphic file (type jpg)
<use ./videos/shot0003.jpg>
Package pdftex.def Info: ./videos/shot0003.jpg  used on input line 335.
(pdftex.def)             Requested size: 160.75812pt x 90.35811pt.
 [16

 <./videos/shot0003.jpg>]
<./videos/shot0004.jpg, id=189, 685.56125pt x 385.44pt>
File: ./videos/shot0004.jpg Graphic file (type jpg)
<use ./videos/shot0004.jpg>
Package pdftex.def Info: ./videos/shot0004.jpg  used on input line 354.
(pdftex.def)             Requested size: 160.75812pt x 90.37843pt.
 [17

 <./videos/shot0004.jpg>]
<./Figures/ciaa_en_madera.jpg, id=198, 1903.11pt x 1222.5675pt>
File: ./Figures/ciaa_en_madera.jpg Graphic file (type jpg)
<use ./Figures/ciaa_en_madera.jpg>
Package pdftex.def Info: ./Figures/ciaa_en_madera.jpg  used on input line 358.
(pdftex.def)             Requested size: 321.51625pt x 206.52788pt.
 [18

 <./Figures/ciaa_en_madera.jpg>] [19

] [20

]
<./Figures/sanchez.jpg, id=215, 261.97874pt x 193.72375pt>
File: ./Figures/sanchez.jpg Graphic file (type jpg)
<use ./Figures/sanchez.jpg>
Package pdftex.def Info: ./Figures/sanchez.jpg  used on input line 402.
(pdftex.def)             Requested size: 321.51625pt x 237.75557pt.

Overfull \vbox (14.29935pt too high) detected at line 402
 []

[21

 <./Figures/sanchez.jpg>]

Package hyperref Warning: Token not allowed in a PDF string (PDFDocEncoding):
(hyperref)                removing `\translate ' on input line 408.

(f:/GIT\CIAA\15-mse_24sed_tp_final\presentacion\template.bbl

LaTeX Warning: Empty `thebibliography' environment on input line 3.

) [22

]
\tf@nav=\write6
\openout6 = `template.nav'.

\tf@toc=\write7
\openout7 = `template.toc'.

\tf@snm=\write8
\openout8 = `template.snm'.

Package atveryend Info: Empty hook `BeforeClearDocument' on input line 416.
Package atveryend Info: Empty hook `AfterLastShipout' on input line 416.
 (f:/GIT\CIAA\15-mse_24sed_tp_final\presentacion\template.aux)
Package atveryend Info: Executing hook `AtVeryEndDocument' on input line 416.
Package atveryend Info: Executing hook `AtEndAfterFileList' on input line 416.
Package rerunfilecheck Info: File `template.out' has not changed.
(rerunfilecheck)             Checksum: D9694BC855D0C50CCAD6B8D6DEDF7609;41.
 ) 
Here is how much of TeX's memory you used:
 25003 strings out of 492452
 480883 string characters out of 3129775
 541403 words of memory out of 3000000
 28720 multiletter control sequences out of 15000+200000
 308229 words of font info for 74 fonts, out of 3000000 for 9000
 1141 hyphenation exceptions out of 8191
 71i,16n,77p,822b,1410s stack positions out of 5000i,500n,10000p,200000b,50000s
{C:/Users/Lavigna Gonzalo/AppData/Roaming/MiKTeX/2.9/fonts/enc/dvips/fira/fir_iln36p.enc}{C:/Users/Lavigna Gonzalo/AppData/Roaming/MiKTeX/2.9/fonts/enc/dvips/fira/fir_2mfh3o.enc}<C:/Users/Lavigna Gonzalo/AppData/Roaming/MiKTeX/2.9/fonts/type1/public/fira/FiraSans-Bold.pfb><C:/Users/Lavigna Gonzalo/AppData/Roaming/MiKTeX/2.9/fonts/type1/public/fira/FiraSans-Italic.pfb><C:/Users/Lavigna Gonzalo/AppData/Roaming/MiKTeX/2.9/fonts/type1/public/fira/FiraSans-Regular.pfb><C:/Program Files/MiKTeX 2.9/fonts/type1/public/amsfonts/cm/cmex10.pfb><C:/Program Files/MiKTeX 2.9/fonts/type1/public/amsfonts/cm/cmss10.pfb><C:/Program Files/MiKTeX 2.9/fonts/type1/public/amsfonts/cm/cmsy10.pfb><C:/Program Files/MiKTeX 2.9/fonts/type1/public/amsfonts/symbols/msam10.pfb>
Output written on f:/GIT\CIAA\15-mse_24sed_tp_final\presentacion\template.pdf (22 pages, 1488235 bytes).
PDF statistics:
 265 PDF objects out of 1000 (max. 8388607)
 46 named destinations out of 1000 (max. 500000)
 152 words of extra memory for PDF output out of 10000 (max. 10000000)

